2026-02-23 23:06:28,348 | INFO |  [INSERT] Promotor Zonal (Campo Abierto) - Pallatanga
2026-02-23 23:06:28,392 | INFO |  [INSERT] Asistente de Logística - Sto Domingo
2026-02-23 23:06:28,438 | INFO |  [INSERT] Asistente de Crédito
2026-02-23 23:06:28,484 | INFO |  [INSERT] Representante Técnico Comercial - Babahoyo
2026-02-23 23:06:28,533 | INFO |  [INSERT] Asesor Técnico Comercial - Guayas
2026-02-23 23:06:28,581 | INFO |  [INSERT] Especialista de Nutrición - Sto Domingo
2026-02-23 23:06:28,632 | INFO |  [INSERT] Especialista Técnico Eventual - Ganadería (Imbabura-Carchi)
2026-02-23 23:06:28,678 | INFO |  [INSERT] Auxiliar de Bodega - Quevedo
2026-02-23 23:06:28,719 | INFO |  [INSERT] Supervisor de Ventas Sierra - Mascotas
2026-02-23 23:06:28,767 | INFO |  [INSERT] Analista de Trade Marketing - Guayaquil
2026-02-23 23:06:28,815 | INFO |  [INSERT] Promotor de Mostrador - San Gabriel
2026-02-23 23:06:28,858 | INFO |  [INSERT] Asistente Contable Eventual - Guayaquil
2026-02-23 23:06:28,906 | INFO |  [INSERT] Asistente de Registro - UIO
2026-02-23 23:06:28,953 | INFO |  [INSERT] Promotor Farma & Consumo - Santo Domingo
2026-02-23 23:06:28,999 | INFO |  [INSERT] Coordinador de Trade Marketing (Nutrición Animal)
2026-02-23 23:06:29,046 | INFO |  [INSERT] Jefe de Auditoría y Control
2026-02-23 23:06:29,095 | INFO |  [INSERT] Visitador Médico - Línea de Femarelle Quito
2026-02-23 23:06:29,140 | INFO |  [INSERT] Jefe de Marketing
2026-02-23 23:06:29,184 | INFO |  [INSERT] Analista Financiero San Camilo - Guayaquil
2026-02-23 23:06:29,227 | INFO |  [INSERT] Inspector de Calidad
