2026-02-25 19:26:25,627 | INFO |  UUID:699dd506ba1bdcc8a3692e18 | [UPDATE] Asesor Comercial Nutrición Animal - Machala
2026-02-25 19:26:25,672 | INFO |  UUID:699c666be544df9f2c891147 | [UPDATE] Promotor Zonal (Campo Abierto) - Pallatanga
2026-02-25 19:26:25,716 | INFO |  UUID:6998f75ed60a76f5d06c8025 | [UPDATE] Asistente de Logística - Sto Domingo
2026-02-25 19:26:25,760 | INFO |  UUID:69963f961ec952dd44e68e7f | [UPDATE] Asistente de Crédito
2026-02-25 19:26:25,802 | INFO |  UUID:699602e41360c90b993c8de7 | [UPDATE] Representante Técnico Comercial - Babahoyo
2026-02-25 19:26:25,845 | INFO |  UUID:6996014cb622842e6a1c4b60 | [UPDATE] Asesor Técnico Comercial - Guayas
2026-02-25 19:26:25,894 | INFO |  UUID:6995fe0e870808e419517dd9 | [UPDATE] Especialista de Nutrición - Sto Domingo
2026-02-25 19:26:25,937 | INFO |  UUID:698fac6507fc0aa278977d21 | [UPDATE] Especialista Técnico Eventual - Ganadería (Imbabura-Carchi)
2026-02-25 19:26:25,980 | INFO |  UUID:698e4ed9a00878ad1082cb95 | [UPDATE] Auxiliar de Bodega - Quevedo
2026-02-25 19:26:26,025 | INFO |  UUID:698ccbbbafb7e26a5fb9f3da | [UPDATE] Supervisor de Ventas Sierra - Mascotas
2026-02-25 19:26:26,068 | INFO |  UUID:6983abc95d009ed3a6449925 | [UPDATE] Analista de Trade Marketing - Guayaquil
2026-02-25 19:26:26,114 | INFO |  UUID:6983a42624ceb08bdeceb2c7 | [UPDATE] Promotor de Mostrador - San Gabriel
2026-02-25 19:26:26,161 | INFO |  UUID:69839bf01e7e9066c4aacb62 | [UPDATE] Asistente Contable Eventual - Guayaquil
2026-02-25 19:26:26,209 | INFO |  UUID:69827b211b44275096112d73 | [UPDATE] Asistente de Registro - UIO
2026-02-25 19:26:26,256 | INFO |  UUID:6980f1b09f3d4e331e3087c4 | [UPDATE] Promotor Farma & Consumo - Santo Domingo
2026-02-25 19:26:26,304 | INFO |  UUID:697d235915b8d0c38a431199 | [UPDATE] Coordinador de Trade Marketing (Nutrición Animal)
2026-02-25 19:26:26,350 | INFO |  UUID:697d1101645382b445784b63 | [UPDATE] Jefe de Auditoría y Control
2026-02-25 19:26:26,394 | INFO |  UUID:697403902166419583b7bcb2 | [UPDATE] Visitador Médico - Línea de Femarelle Quito
2026-02-25 19:26:26,438 | INFO |  UUID:69728d5d87b8006f5b29e406 | [UPDATE] Jefe de Marketing
2026-02-25 19:26:26,480 | INFO |  UUID:6970edfb003a41a0e2ade3ef | [UPDATE] Analista Financiero San Camilo - Guayaquil
