2026-02-24 04:00:49,564 | INFO |  [INSERT] Promotor Zonal (Campo Abierto) - Pallatanga
2026-02-24 04:00:49,612 | INFO |  [INSERT] Asistente de Logística - Sto Domingo
2026-02-24 04:00:49,659 | INFO |  [INSERT] Asistente de Crédito
2026-02-24 04:00:49,707 | INFO |  [INSERT] Representante Técnico Comercial - Babahoyo
2026-02-24 04:00:49,752 | INFO |  [INSERT] Asesor Técnico Comercial - Guayas
2026-02-24 04:00:49,805 | INFO |  [INSERT] Especialista de Nutrición - Sto Domingo
2026-02-24 04:00:49,865 | INFO |  [INSERT] Especialista Técnico Eventual - Ganadería (Imbabura-Carchi)
2026-02-24 04:00:49,912 | INFO |  [INSERT] Auxiliar de Bodega - Quevedo
2026-02-24 04:00:49,959 | INFO |  [INSERT] Supervisor de Ventas Sierra - Mascotas
2026-02-24 04:00:50,015 | INFO |  [INSERT] Analista de Trade Marketing - Guayaquil
2026-02-24 04:00:50,064 | INFO |  [INSERT] Promotor de Mostrador - San Gabriel
2026-02-24 04:00:50,116 | INFO |  [INSERT] Asistente Contable Eventual - Guayaquil
2026-02-24 04:00:50,161 | INFO |  [INSERT] Asistente de Registro - UIO
2026-02-24 04:00:50,210 | INFO |  [INSERT] Promotor Farma & Consumo - Santo Domingo
2026-02-24 04:00:50,261 | INFO |  [INSERT] Coordinador de Trade Marketing (Nutrición Animal)
2026-02-24 04:00:50,312 | INFO |  [INSERT] Jefe de Auditoría y Control
2026-02-24 04:00:50,364 | INFO |  [INSERT] Visitador Médico - Línea de Femarelle Quito
2026-02-24 04:00:50,418 | INFO |  [INSERT] Jefe de Marketing
2026-02-24 04:00:50,477 | INFO |  [INSERT] Analista Financiero San Camilo - Guayaquil
2026-02-24 04:00:50,525 | INFO |  [INSERT] Inspector de Calidad
