2026-02-25 22:58:47,634 | INFO |  UUID:699d17435a9250ac3919f7f7 | [INSERT] Analista de Soporte TI
2026-02-25 22:58:47,680 | INFO |  UUID:699cd4b78a50a76fc6520657 | [INSERT] LOJA - MERCADERISTA CONSUMO MASIVO
2026-02-25 22:58:47,723 | INFO |  UUID:699c967614b9f1a2e729af44 | [INSERT] Santo Domingo: Promotor Canal Ferretero
2026-02-25 22:58:47,766 | INFO |  UUID:6998ceead60a76f5d06c2ad0 | [INSERT] QUITO: MERCADERISTA CONSUMO MASIVO
2026-02-25 22:58:47,811 | INFO |  UUID:6998bdc4f1a61a90e4270b6b | [INSERT] Loja: Auditor de campo TAT
2026-02-25 22:58:47,856 | INFO |  UUID:6998b33ced1ac56f3d369731 | [INSERT] GUAYAQUIL: MERCADERISTA CANAL MODERNO
2026-02-25 22:58:47,900 | INFO |  UUID:6998837cb28cfd6c3f9f0b21 | [INSERT] El Coca: Auditor de campo TAT
2026-02-25 22:58:47,946 | INFO |  UUID:699882ffb9c17de0597c27dd | [INSERT] Quito: Promotor de Tecnología
2026-02-25 22:58:47,991 | INFO |  UUID:699882b561e1fd9eed72aeb0 | [INSERT] Santo Domingo: Promotor Canal Ferretero
2026-02-25 22:58:48,036 | INFO |  UUID:6998828ab28cfd6c3f9f0806 | [INSERT] Esmeraldas: Promotor Canal Ferretero
2026-02-25 22:58:48,079 | INFO |  UUID:69979757bc073567b1d0548c | [INSERT] Cuenca: Promotor Canal Ferretero
2026-02-25 22:58:48,123 | INFO |  UUID:6997721575d9ddd2126c5edc | [INSERT] CUENCA - MERCADERISTA CONSUMO MASIVO
2026-02-25 22:58:48,165 | INFO |  UUID:6997716a75d9ddd2126c5c0f | [INSERT] CUENCA - IMPULSADORA CONSUMO MASIVO
2026-02-25 22:58:48,212 | INFO |  UUID:6997361f97e1e435a76dd170 | [INSERT] AMBATO - MERCADERISTA CANAL MODERNO - TRADICIONAL
2026-02-25 22:58:48,257 | INFO |  UUID:6997312c97e1e435a76dbdfc | [INSERT] Guayaquil : Pasante de Inteligencia Comercial
2026-02-25 22:58:48,301 | INFO |  UUID:699651aa1ec952dd44e6c60f | [INSERT] Supervisor de Promotoría - TAT Cuenca
2026-02-25 22:58:48,346 | INFO |  UUID:6995f49fa9faa421d5c5554a | [INSERT] QUITO: Pasante de Operaciones
2026-02-25 22:58:48,390 | INFO |  UUID:6995d1c817ad18d81faeefb7 | [INSERT] Analista de Inteligencia Comercial
2026-02-25 22:58:48,435 | INFO |  UUID:6995ce7d8d3bb54b15dca2fb | [INSERT] CUENCA : Auditor de campo TAT
2026-02-25 22:58:48,478 | INFO |  UUID:698b563b684723eadff3052d | [INSERT] MANTA: Promotor de Tecnología
