2026-02-25 22:58:18,691 | INFO |  UUID:699f21fccb88f24d5b6f5ba1 | [INSERT] Supervisor de Ventas
2026-02-25 22:58:18,735 | INFO |  UUID:699f01148b8d8363eee51b93 | [INSERT] Ayudante de Planta
2026-02-25 22:58:18,776 | INFO |  UUID:699c7a95fd6e92eda7b811b3 | [INSERT] Agente de Call Center
2026-02-25 22:58:18,816 | INFO |  UUID:699c626036fcaf3e6665df04 | [INSERT] KAM Senior
2026-02-25 22:58:18,856 | INFO |  UUID:699c60e2ca0e4708dd72d867 | [INSERT] Pasante de Auditoria
2026-02-25 22:58:18,901 | INFO |  UUID:698f3c39507d4429fb83b4c1 | [INSERT] Capitán de Meseros
2026-02-25 22:58:18,942 | INFO |  UUID:698f35d859065fef213d28cd | [INSERT] Operador de Montacargas
2026-02-25 22:58:18,982 | INFO |  UUID:698b9f01d2c6212558804c19 | [INSERT] Pasante de Planificación
2026-02-25 22:58:19,027 | INFO |  UUID:698a142720a1a8d02b8372cb | [INSERT] Asistente de Marketing
2026-02-25 22:58:19,070 | INFO |  UUID:6983867f5d009ed3a64422ad | [INSERT] Comprador
2026-02-25 22:58:19,109 | INFO |  UUID:6977a1d620725b1a5c9286e6 | [INSERT] KAM Jr - Canal HORECA
2026-02-25 22:58:19,152 | INFO |  UUID:696e60b92260e709519baef6 | [INSERT] Vendedor VDI
2026-02-25 22:58:19,193 | INFO |  UUID:696e5d973f6ba01cb56b6ffc | [INSERT] Especialista de Medios & Digital
2026-02-25 22:58:19,233 | INFO |  UUID:695e6352fb5d372dbca83395 | [INSERT] Asistente de Crédito y Cobranza
2026-02-25 22:58:19,274 | INFO |  UUID:695d399f68aa3d33f07b5a79 | [INSERT] Impulsador (Temporal)
2026-02-25 22:58:19,315 | INFO |  UUID:695c2060651f3443293d7463 | [INSERT] Pasante de Marketing - RGM
2026-02-25 22:58:19,358 | INFO |  UUID:694f019b5d60c04dbe04bfe4 | [INSERT] Mercaderista
2026-02-25 22:58:19,403 | INFO |  UUID:694eff6d05c0c048b0df238c | [INSERT] Mercaderista
2026-02-25 22:58:19,446 | INFO |  UUID:693059e17f84219e3012633f | [INSERT] Asesor de Ventas B2B - Panificación
2026-02-25 22:58:19,488 | INFO |  UUID:6927796386efa7ee6d45e238 | [INSERT] Vendedor/a Mayorista
