2026-02-25 19:26:02,219 | INFO |  UUID:699e6951bf32a6698ced3889 | [UPDATE] Pasante de Talento Humano
2026-02-25 19:26:02,259 | INFO |  UUID:698b67cd57d1e56774cf968f | [UPDATE] Analista de nomina
2026-02-25 19:26:02,303 | INFO |  UUID:6986109409b0defc119a2a4b | [UPDATE] Pasante de Diseño Gráfico
2026-02-25 19:26:02,348 | INFO |  UUID:6984fafae169b0d9d0ebcd4d | [UPDATE] Administrador de tiendas - Sierra
2026-02-25 19:26:02,388 | INFO |  UUID:6984f9ace169b0d9d0ebc6e8 | [UPDATE] Administrador de tiendas - Costa
2026-02-25 19:26:02,430 | INFO |  UUID:698377a8a1d02be165b3eb93 | [UPDATE] Diseñador Gráfico
2026-02-25 19:26:02,475 | INFO |  UUID:698207b51e6b3bfca99b8e69 | [UPDATE] Vendedores de tienda Centro
2026-02-25 19:26:02,520 | INFO |  UUID:6980b9878fd52ffa2f4be421 | [UPDATE] Vendedores de tienda Latacunga
2026-02-25 19:26:02,560 | INFO |  UUID:697d2ecf15b8d0c38a432d53 | [UPDATE] Pasante de Edición
2026-02-25 19:26:02,605 | INFO |  UUID:697d2ea0aacb782ea96cc47b | [UPDATE] Vendedores de tienda Machala
2026-02-25 19:26:02,647 | INFO |  UUID:697d2e67539a94c302ecee61 | [UPDATE] Vendedores de tienda - Mall del Pacífico Manta
2026-02-25 19:26:02,689 | INFO |  UUID:697d2e35539a94c302ecede9 | [UPDATE] Vendedores de tienda - Paseo Shopping Manta
2026-02-25 19:26:02,729 | INFO |  UUID:697d2e012c439eabdce422fc | [UPDATE] Vendedores de tienda Paseo Shopping Playas
2026-02-25 19:26:02,770 | INFO |  UUID:697d2db815b8d0c38a432a56 | [UPDATE] Vendedores de tienda - Portoviejo
2026-02-25 19:26:02,814 | INFO |  UUID:697d2d82539a94c302ecec6f | [UPDATE] Vendedores de tienda Paseo Shopping Quevedo
2026-02-25 19:26:02,865 | INFO |  UUID:697d2c52aacb782ea96cbe92 | [UPDATE] Vendedores de tienda Condado Shopping
2026-02-25 19:26:02,911 | INFO |  UUID:697d2c20539a94c302ece98c | [UPDATE] Vendedores de tienda El Recreo
2026-02-25 19:26:02,959 | INFO |  UUID:697d2b9f539a94c302ece85a | [UPDATE] Vendedores de tienda CCI
2026-02-25 19:26:03,006 | INFO |  UUID:697d2b6c2c439eabdce41e4c | [UPDATE] Vendedores de tienda San Luis Shopping
2026-02-25 19:26:03,055 | INFO |  UUID:697d2b37aacb782ea96cbc4c | [UPDATE] Vendedores de tienda Granados Plaza
