2026-02-23 02:53:15,446 | ERROR | [ERROR BD] Fallo al procesar Analista de nomina: relation "vacantes" does not exist
LINE 2:                     INSERT INTO vacantes (titulo, empresa, u...
                                        ^

2026-02-23 02:53:15,529 | ERROR | [ERROR BD] Fallo al procesar Pasante de Diseño Gráfico: relation "vacantes" does not exist
LINE 2:                     INSERT INTO vacantes (titulo, empresa, u...
                                        ^

2026-02-23 02:53:15,619 | ERROR | [ERROR BD] Fallo al procesar Administrador de tiendas - Sierra: relation "vacantes" does not exist
LINE 2:                     INSERT INTO vacantes (titulo, empresa, u...
                                        ^

2026-02-23 02:53:15,709 | ERROR | [ERROR BD] Fallo al procesar Administrador de tiendas - Costa: relation "vacantes" does not exist
LINE 2:                     INSERT INTO vacantes (titulo, empresa, u...
                                        ^

2026-02-23 02:53:15,803 | ERROR | [ERROR BD] Fallo al procesar Diseñador Gráfico: relation "vacantes" does not exist
LINE 2:                     INSERT INTO vacantes (titulo, empresa, u...
                                        ^

2026-02-23 02:53:15,895 | ERROR | [ERROR BD] Fallo al procesar Vendedores de tienda Centro: relation "vacantes" does not exist
LINE 2:                     INSERT INTO vacantes (titulo, empresa, u...
                                        ^

2026-02-23 02:53:16,028 | ERROR | [ERROR BD] Fallo al procesar Vendedores de tienda Latacunga: relation "vacantes" does not exist
LINE 2:                     INSERT INTO vacantes (titulo, empresa, u...
                                        ^

2026-02-23 02:53:16,124 | ERROR | [ERROR BD] Fallo al procesar Pasante de Edición: relation "vacantes" does not exist
LINE 2:                     INSERT INTO vacantes (titulo, empresa, u...
                                        ^

2026-02-23 02:53:16,217 | ERROR | [ERROR BD] Fallo al procesar Vendedores de tienda Machala: relation "vacantes" does not exist
LINE 2:                     INSERT INTO vacantes (titulo, empresa, u...
                                        ^

2026-02-23 02:53:16,320 | ERROR | [ERROR BD] Fallo al procesar Vendedores de tienda - Mall del Pacífico Manta: relation "vacantes" does not exist
LINE 2:                     INSERT INTO vacantes (titulo, empresa, u...
                                        ^

2026-02-23 02:53:16,414 | ERROR | [ERROR BD] Fallo al procesar Vendedores de tienda - Paseo Shopping Manta: relation "vacantes" does not exist
LINE 2:                     INSERT INTO vacantes (titulo, empresa, u...
                                        ^

2026-02-23 02:53:16,515 | ERROR | [ERROR BD] Fallo al procesar Vendedores de tienda Paseo Shopping Playas: relation "vacantes" does not exist
LINE 2:                     INSERT INTO vacantes (titulo, empresa, u...
                                        ^

2026-02-23 02:53:16,611 | ERROR | [ERROR BD] Fallo al procesar Vendedores de tienda - Portoviejo: relation "vacantes" does not exist
LINE 2:                     INSERT INTO vacantes (titulo, empresa, u...
                                        ^

2026-02-23 02:53:16,707 | ERROR | [ERROR BD] Fallo al procesar Vendedores de tienda Paseo Shopping Quevedo: relation "vacantes" does not exist
LINE 2:                     INSERT INTO vacantes (titulo, empresa, u...
                                        ^

2026-02-23 02:53:16,790 | ERROR | [ERROR BD] Fallo al procesar Vendedores de tienda Condado Shopping: relation "vacantes" does not exist
LINE 2:                     INSERT INTO vacantes (titulo, empresa, u...
                                        ^

2026-02-23 02:53:16,877 | ERROR | [ERROR BD] Fallo al procesar Vendedores de tienda El Recreo: relation "vacantes" does not exist
LINE 2:                     INSERT INTO vacantes (titulo, empresa, u...
                                        ^

2026-02-23 02:53:16,966 | ERROR | [ERROR BD] Fallo al procesar Vendedores de tienda CCI: relation "vacantes" does not exist
LINE 2:                     INSERT INTO vacantes (titulo, empresa, u...
                                        ^

2026-02-23 02:53:17,084 | ERROR | [ERROR BD] Fallo al procesar Vendedores de tienda San Luis Shopping: relation "vacantes" does not exist
LINE 2:                     INSERT INTO vacantes (titulo, empresa, u...
                                        ^

2026-02-23 02:53:17,175 | ERROR | [ERROR BD] Fallo al procesar Vendedores de tienda Granados Plaza: relation "vacantes" does not exist
LINE 2:                     INSERT INTO vacantes (titulo, empresa, u...
                                        ^

2026-02-23 02:53:17,256 | ERROR | [ERROR BD] Fallo al procesar Vendedores de tienda - Quicentro Sur: relation "vacantes" does not exist
LINE 2:                     INSERT INTO vacantes (titulo, empresa, u...
                                        ^

