2026-02-25 19:25:37,985 | INFO |  --- [IN] Iniciando scraping en Grupo Palmon ---
2026-02-25 19:26:02,138 | INFO |  Conexión exitosa. Detectados: 20
2026-02-25 19:26:02,209 | INFO |  [OUT] Extraído: Pasante de Talento Humano | URL: https://grupopalmon.hiringroom.com/jobs/get_vacancy/699e6951bf32a6698ced3889
2026-02-25 19:26:02,256 | INFO |  [OUT] Extraído: Analista de nomina | URL: https://grupopalmon.hiringroom.com/jobs/get_vacancy/698b67cd57d1e56774cf968f
2026-02-25 19:26:02,301 | INFO |  [OUT] Extraído: Pasante de Diseño Gráfico | URL: https://grupopalmon.hiringroom.com/jobs/get_vacancy/6986109409b0defc119a2a4b
2026-02-25 19:26:02,341 | INFO |  [OUT] Extraído: Administrador de tiendas - Sierra | URL: https://grupopalmon.hiringroom.com/jobs/get_vacancy/6984fafae169b0d9d0ebcd4d
2026-02-25 19:26:02,386 | INFO |  [OUT] Extraído: Administrador de tiendas - Costa | URL: https://grupopalmon.hiringroom.com/jobs/get_vacancy/6984f9ace169b0d9d0ebc6e8
2026-02-25 19:26:02,425 | INFO |  [OUT] Extraído: Diseñador Gráfico | URL: https://grupopalmon.hiringroom.com/jobs/get_vacancy/698377a8a1d02be165b3eb93
2026-02-25 19:26:02,470 | INFO |  [OUT] Extraído: Vendedores de tienda Centro | URL: https://grupopalmon.hiringroom.com/jobs/get_vacancy/698207b51e6b3bfca99b8e69
2026-02-25 19:26:02,514 | INFO |  [OUT] Extraído: Vendedores de tienda Latacunga | URL: https://grupopalmon.hiringroom.com/jobs/get_vacancy/6980b9878fd52ffa2f4be421
2026-02-25 19:26:02,556 | INFO |  [OUT] Extraído: Pasante de Edición | URL: https://grupopalmon.hiringroom.com/jobs/get_vacancy/697d2ecf15b8d0c38a432d53
2026-02-25 19:26:02,601 | INFO |  [OUT] Extraído: Vendedores de tienda Machala | URL: https://grupopalmon.hiringroom.com/jobs/get_vacancy/697d2ea0aacb782ea96cc47b
2026-02-25 19:26:02,642 | INFO |  [OUT] Extraído: Vendedores de tienda - Mall del Pacífico Manta | URL: https://grupopalmon.hiringroom.com/jobs/get_vacancy/697d2e67539a94c302ecee61
2026-02-25 19:26:02,684 | INFO |  [OUT] Extraído: Vendedores de tienda - Paseo Shopping Manta | URL: https://grupopalmon.hiringroom.com/jobs/get_vacancy/697d2e35539a94c302ecede9
2026-02-25 19:26:02,726 | INFO |  [OUT] Extraído: Vendedores de tienda Paseo Shopping Playas | URL: https://grupopalmon.hiringroom.com/jobs/get_vacancy/697d2e012c439eabdce422fc
2026-02-25 19:26:02,767 | INFO |  [OUT] Extraído: Vendedores de tienda - Portoviejo | URL: https://grupopalmon.hiringroom.com/jobs/get_vacancy/697d2db815b8d0c38a432a56
2026-02-25 19:26:02,808 | INFO |  [OUT] Extraído: Vendedores de tienda Paseo Shopping Quevedo | URL: https://grupopalmon.hiringroom.com/jobs/get_vacancy/697d2d82539a94c302ecec6f
2026-02-25 19:26:02,858 | INFO |  [OUT] Extraído: Vendedores de tienda Condado Shopping | URL: https://grupopalmon.hiringroom.com/jobs/get_vacancy/697d2c52aacb782ea96cbe92
2026-02-25 19:26:02,906 | INFO |  [OUT] Extraído: Vendedores de tienda El Recreo | URL: https://grupopalmon.hiringroom.com/jobs/get_vacancy/697d2c20539a94c302ece98c
2026-02-25 19:26:02,952 | INFO |  [OUT] Extraído: Vendedores de tienda CCI | URL: https://grupopalmon.hiringroom.com/jobs/get_vacancy/697d2b9f539a94c302ece85a
2026-02-25 19:26:03,002 | INFO |  [OUT] Extraído: Vendedores de tienda San Luis Shopping | URL: https://grupopalmon.hiringroom.com/jobs/get_vacancy/697d2b6c2c439eabdce41e4c
2026-02-25 19:26:03,050 | INFO |  [OUT] Extraído: Vendedores de tienda Granados Plaza | URL: https://grupopalmon.hiringroom.com/jobs/get_vacancy/697d2b37aacb782ea96cbc4c
2026-02-25 19:26:03,099 | INFO |  --- [OUT] Fin de ciclo para Grupo Palmon ---
2026-02-25 22:57:08,821 | INFO |  --- [IN] Iniciando scraping en Grupo Palmon ---
2026-02-25 22:57:37,331 | INFO |  Conexión exitosa. Detectados: 20
2026-02-25 22:57:37,381 | INFO |  [OUT] Extraído: Pasante de Talento Humano | URL: https://grupopalmon.hiringroom.com/jobs/get_vacancy/699e6951bf32a6698ced3889
2026-02-25 22:57:37,428 | INFO |  [OUT] Extraído: Analista de nomina | URL: https://grupopalmon.hiringroom.com/jobs/get_vacancy/698b67cd57d1e56774cf968f
2026-02-25 22:57:37,498 | INFO |  [OUT] Extraído: Pasante de Diseño Gráfico | URL: https://grupopalmon.hiringroom.com/jobs/get_vacancy/6986109409b0defc119a2a4b
2026-02-25 22:57:37,550 | INFO |  [OUT] Extraído: Administrador de tiendas - Sierra | URL: https://grupopalmon.hiringroom.com/jobs/get_vacancy/6984fafae169b0d9d0ebcd4d
2026-02-25 22:57:37,602 | INFO |  [OUT] Extraído: Administrador de tiendas - Costa | URL: https://grupopalmon.hiringroom.com/jobs/get_vacancy/6984f9ace169b0d9d0ebc6e8
2026-02-25 22:57:37,651 | INFO |  [OUT] Extraído: Diseñador Gráfico | URL: https://grupopalmon.hiringroom.com/jobs/get_vacancy/698377a8a1d02be165b3eb93
2026-02-25 22:57:37,698 | INFO |  [OUT] Extraído: Vendedores de tienda Centro | URL: https://grupopalmon.hiringroom.com/jobs/get_vacancy/698207b51e6b3bfca99b8e69
2026-02-25 22:57:37,751 | INFO |  [OUT] Extraído: Vendedores de tienda Latacunga | URL: https://grupopalmon.hiringroom.com/jobs/get_vacancy/6980b9878fd52ffa2f4be421
2026-02-25 22:57:37,799 | INFO |  [OUT] Extraído: Pasante de Edición | URL: https://grupopalmon.hiringroom.com/jobs/get_vacancy/697d2ecf15b8d0c38a432d53
2026-02-25 22:57:37,841 | INFO |  [OUT] Extraído: Vendedores de tienda Machala | URL: https://grupopalmon.hiringroom.com/jobs/get_vacancy/697d2ea0aacb782ea96cc47b
2026-02-25 22:57:37,887 | INFO |  [OUT] Extraído: Vendedores de tienda - Mall del Pacífico Manta | URL: https://grupopalmon.hiringroom.com/jobs/get_vacancy/697d2e67539a94c302ecee61
2026-02-25 22:57:37,930 | INFO |  [OUT] Extraído: Vendedores de tienda - Paseo Shopping Manta | URL: https://grupopalmon.hiringroom.com/jobs/get_vacancy/697d2e35539a94c302ecede9
2026-02-25 22:57:37,972 | INFO |  [OUT] Extraído: Vendedores de tienda Paseo Shopping Playas | URL: https://grupopalmon.hiringroom.com/jobs/get_vacancy/697d2e012c439eabdce422fc
2026-02-25 22:57:38,014 | INFO |  [OUT] Extraído: Vendedores de tienda - Portoviejo | URL: https://grupopalmon.hiringroom.com/jobs/get_vacancy/697d2db815b8d0c38a432a56
2026-02-25 22:57:38,056 | INFO |  [OUT] Extraído: Vendedores de tienda Paseo Shopping Quevedo | URL: https://grupopalmon.hiringroom.com/jobs/get_vacancy/697d2d82539a94c302ecec6f
2026-02-25 22:57:38,094 | INFO |  [OUT] Extraído: Vendedores de tienda Condado Shopping | URL: https://grupopalmon.hiringroom.com/jobs/get_vacancy/697d2c52aacb782ea96cbe92
2026-02-25 22:57:38,134 | INFO |  [OUT] Extraído: Vendedores de tienda El Recreo | URL: https://grupopalmon.hiringroom.com/jobs/get_vacancy/697d2c20539a94c302ece98c
2026-02-25 22:57:38,173 | INFO |  [OUT] Extraído: Vendedores de tienda CCI | URL: https://grupopalmon.hiringroom.com/jobs/get_vacancy/697d2b9f539a94c302ece85a
2026-02-25 22:57:38,212 | INFO |  [OUT] Extraído: Vendedores de tienda San Luis Shopping | URL: https://grupopalmon.hiringroom.com/jobs/get_vacancy/697d2b6c2c439eabdce41e4c
2026-02-25 22:57:38,264 | INFO |  [OUT] Extraído: Vendedores de tienda Granados Plaza | URL: https://grupopalmon.hiringroom.com/jobs/get_vacancy/697d2b37aacb782ea96cbc4c
2026-02-25 22:57:38,310 | INFO |  --- [OUT] Fin de ciclo para Grupo Palmon ---
